<?xml version="1.0" encoding="UTF-8"?>
<!-- Generated by org.testng.reporters.JUnitXMLReporter -->
<testsuite hostname="amw-g1" ignored="0" name="ChromeTest" tests="6" failures="1" timestamp="22 Feb 2018 13:10:21 GMT" time="131.335" errors="0">
  <testcase name="login" time="19.714" classname="SalesForce.SalesforceAuto"/>
  <testcase name="test_clcik" time="28.224" classname="SalesForce.SalesforceAuto"/>
  <testcase name="create_new" time="33.344" classname="SalesForce.SalesforceAuto"/>
  <testcase name="chek_new" time="21.18" classname="SalesForce.SalesforceAuto"/>
  <testcase name="send_emal" time="19.45" classname="SalesForce.SalesforceAuto">
    <failure type="org.openqa.selenium.WebDriverException" message="unknown error: Element &amp;lt;li class=&amp;quot;slds-button slds-button--neutral slds-truncate&amp;quot; data-aura-rendered-by=&amp;quot;3321:0&amp;quot;&amp;gt;...&amp;lt;/li&amp;gt; is not clickable at point (912, 121). Other element would receive the click: &amp;lt;div class=&amp;quot;bBody&amp;quot; data-aura-rendered-by=&amp;quot;100:2850;a&amp;quot;&amp;gt;...&amp;lt;/div&amp;gt;
  (Session info: chrome=64.0.3282.167)
  (Driver info: chromedriver=2.33.506120 (e3e53437346286c0bc2d2dc9aa4915ba81d9023f),platform=Windows NT 10.0.16299 x86_64) (WARNING: The server did not provide any stacktrace information)
Command duration or timeout: 52 milliseconds
Build info: version: &amp;apos;3.4.0&amp;apos;, revision: &amp;apos;unknown&amp;apos;, time: &amp;apos;unknown&amp;apos;
System info: host: &amp;apos;AMW-G1&amp;apos;, ip: &amp;apos;169.254.11.92&amp;apos;, os.name: &amp;apos;Windows 10&amp;apos;, os.arch: &amp;apos;amd64&amp;apos;, os.version: &amp;apos;10.0&amp;apos;, java.version: &amp;apos;1.8.0_161&amp;apos;
Driver info: org.openqa.selenium.chrome.ChromeDriver
Capabilities [{applicationCacheEnabled=false, rotatable=false, mobileEmulationEnabled=false, networkConnectionEnabled=false, chrome={chromedriverVersion=2.33.506120 (e3e53437346286c0bc2d2dc9aa4915ba81d9023f), userDataDir=C:\Users\ALMOIN~1\AppData\Local\Temp\scoped_dir9384_11872}, takesHeapSnapshot=true, pageLoadStrategy=normal, databaseEnabled=false, handlesAlerts=true, hasTouchScreen=false, version=64.0.3282.167, platform=XP, browserConnectionEnabled=false, nativeEvents=true, acceptSslCerts=true, locationContextEnabled=true, webStorageEnabled=true, browserName=chrome, takesScreenshot=true, javascriptEnabled=true, cssSelectorsEnabled=true, setWindowRect=true, unexpectedAlertBehaviour=}]
Session ID: 748ed61eb1b37c7aaf65b2f3b7521bd0">
      <![CDATA[org.openqa.selenium.WebDriverException: unknown error: Element <li class="slds-button slds-button--neutral slds-truncate" data-aura-rendered-by="3321:0">...</li> is not clickable at point (912, 121). Other element would receive the click: <div class="bBody" data-aura-rendered-by="100:2850;a">...</div>  (Session info: chrome=64.0.3282.167)  (Driver info: chromedriver=2.33.506120 (e3e53437346286c0bc2d2dc9aa4915ba81d9023f),platform=Windows NT 10.0.16299 x86_64) (WARNING: The server did not provide any stacktrace information)Command duration or timeout: 52 millisecondsBuild info: version: '3.4.0', revision: 'unknown', time: 'unknown'System info: host: 'AMW-G1', ip: '169.254.11.92', os.name: 'Windows 10', os.arch: 'amd64', os.version: '10.0', java.version: '1.8.0_161'Driver info: org.openqa.selenium.chrome.ChromeDriverCapabilities [{applicationCacheEnabled=false, rotatable=false, mobileEmulationEnabled=false, networkConnectionEnabled=false, chrome={chromedriverVersion=2.33.506120 (e3e53437346286c0bc2d2dc9aa4915ba81d9023f), userDataDir=C:\Users\ALMOIN~1\AppData\Local\Temp\scoped_dir9384_11872}, takesHeapSnapshot=true, pageLoadStrategy=normal, databaseEnabled=false, handlesAlerts=true, hasTouchScreen=false, version=64.0.3282.167, platform=XP, browserConnectionEnabled=false, nativeEvents=true, acceptSslCerts=true, locationContextEnabled=true, webStorageEnabled=true, browserName=chrome, takesScreenshot=true, javascriptEnabled=true, cssSelectorsEnabled=true, setWindowRect=true, unexpectedAlertBehaviour=}]Session ID: 748ed61eb1b37c7aaf65b2f3b7521bd0at org.openqa.selenium.remote.ErrorHandler.createThrowable(ErrorHandler.java:215)at org.openqa.selenium.remote.ErrorHandler.throwIfResponseFailed(ErrorHandler.java:167)at org.openqa.selenium.remote.RemoteWebDriver.execute(RemoteWebDriver.java:671)at org.openqa.selenium.remote.RemoteWebElement.execute(RemoteWebElement.java:272)at org.openqa.selenium.remote.RemoteWebElement.click(RemoteWebElement.java:82)at SalesForce.SalesforceAuto.send_emal(SalesforceAuto.java:335)... Removed 29 stack frames]]>
    </failure>
  </testcase> <!-- send_emal -->
  <testcase name="close_browser" time="5.327" classname="SalesForce.SalesforceAuto"/>
</testsuite> <!-- ChromeTest -->
