<?xml version="1.0" encoding="UTF-8"?>
<!-- Generated by org.testng.reporters.JUnitXMLReporter -->
<testsuite hostname="amw-g1" ignored="0" name="ChromeTest" tests="5" failures="0" timestamp="21 Feb 2018 13:23:23 GMT" time="108.215" errors="0">
  <testcase name="login" time="16.69" classname="SalesForce.SalesforceAuto"/>
  <testcase name="test_clcik" time="22.276" classname="SalesForce.SalesforceAuto"/>
  <testcase name="create_new" time="23.407" classname="SalesForce.SalesforceAuto"/>
  <testcase name="chek_new" time="19.169" classname="SalesForce.SalesforceAuto"/>
  <testcase name="send_emal" time="21.567" classname="SalesForce.SalesforceAuto"/>
</testsuite> <!-- ChromeTest -->
