<?xml version="1.0" encoding="UTF-8"?>
<!-- Generated by org.testng.reporters.JUnitXMLReporter -->
<testsuite hostname="amw-g1" ignored="0" name="EdgeTest" tests="5" failures="0" timestamp="21 Feb 2018 13:25:59 GMT" time="0.048" errors="0">
  <testcase name="@BeforeTest setup" time="0.015" classname="SalesForce.SalesforceAuto">
    <failure type="java.lang.IllegalStateException" message="The path to the driver executable must be set by the webdriver.edge.driver system property; for more information, see https://github.com/SeleniumHQ/selenium/wiki/MicrosoftWebDriver. The latest version can be downloaded from http://go.microsoft.com/fwlink/?LinkId=619687">
      <![CDATA[java.lang.IllegalStateException: The path to the driver executable must be set by the webdriver.edge.driver system property; for more information, see https://github.com/SeleniumHQ/selenium/wiki/MicrosoftWebDriver. The latest version can be downloaded from http://go.microsoft.com/fwlink/?LinkId=619687at com.google.common.base.Preconditions.checkState(Preconditions.java:738)at org.openqa.selenium.remote.service.DriverService.findExecutable(DriverService.java:124)at org.openqa.selenium.edge.EdgeDriverService.access$000(EdgeDriverService.java:33)at org.openqa.selenium.edge.EdgeDriverService$Builder.findDefaultExecutable(EdgeDriverService.java:63)at org.openqa.selenium.remote.service.DriverService$Builder.build(DriverService.java:330)at org.openqa.selenium.edge.EdgeDriverService.createDefaultService(EdgeDriverService.java:55)at org.openqa.selenium.edge.EdgeDriver.<init>(EdgeDriver.java:96)at SalesForce.SalesforceAuto.setup(SalesforceAuto.java:59)... Removed 24 stack frames]]>
    </failure>
  </testcase> <!-- @BeforeTest setup -->
  <testcase name="login" time="0.0" classname="SalesForce.SalesforceAuto">
    <skipped/>
  </testcase> <!-- login -->
  <testcase name="test_clcik" time="0.0" classname="SalesForce.SalesforceAuto">
    <skipped/>
  </testcase> <!-- test_clcik -->
  <testcase name="create_new" time="0.0" classname="SalesForce.SalesforceAuto">
    <skipped/>
  </testcase> <!-- create_new -->
  <testcase name="chek_new" time="0.0" classname="SalesForce.SalesforceAuto">
    <skipped/>
  </testcase> <!-- chek_new -->
  <testcase name="send_emal" time="0.0" classname="SalesForce.SalesforceAuto">
    <skipped/>
  </testcase> <!-- send_emal -->
</testsuite> <!-- EdgeTest -->
