<?xml version="1.0" encoding="UTF-8"?>
<!-- Generated by org.testng.reporters.JUnitXMLReporter -->
<testsuite hostname="amw-g1" ignored="0" name="FirefoxTest" tests="5" failures="0" timestamp="21 Feb 2018 13:25:59 GMT" time="156.719" errors="0">
  <testcase name="login" time="40.241" classname="SalesForce.SalesforceAuto"/>
  <testcase name="test_clcik" time="22.283" classname="SalesForce.SalesforceAuto"/>
  <testcase name="create_new" time="24.849" classname="SalesForce.SalesforceAuto"/>
  <testcase name="chek_new" time="19.338" classname="SalesForce.SalesforceAuto"/>
  <testcase name="send_emal" time="44.006" classname="SalesForce.SalesforceAuto"/>
</testsuite> <!-- FirefoxTest -->
