<?xml version="1.0" encoding="UTF-8"?>
<testng-results skipped="5" failed="0" ignored="0" total="15" passed="10">
  <reporter-output>
  </reporter-output>
  <suite name="Suite" duration-ms="265015" started-at="2018-02-21T13:21:34Z" finished-at="2018-02-21T13:25:59Z">
    <groups>
    </groups>
    <test name="ChromeTest" duration-ms="108215" started-at="2018-02-21T13:21:34Z" finished-at="2018-02-21T13:23:23Z">
      <class name="SalesForce.SalesforceAuto">
        <test-method status="PASS" signature="setup(java.lang.String)[pri:0, instance:SalesForce.SalesforceAuto@587c290d]" name="setup" is-config="true" duration-ms="5062" started-at="2018-02-21T18:51:34Z" finished-at="2018-02-21T18:51:39Z">
          <params>
            <param index="0">
              <value>
                <![CDATA[chrome]]>
              </value>
            </param>
          </params>
          <reporter-output>
          </reporter-output>
        </test-method> <!-- setup -->
        <test-method status="PASS" signature="login()[pri:0, instance:SalesForce.SalesforceAuto@587c290d]" name="login" duration-ms="16690" started-at="2018-02-21T18:51:40Z" finished-at="2018-02-21T18:51:56Z">
          <reporter-output>
          </reporter-output>
        </test-method> <!-- login -->
        <test-method status="PASS" signature="test_clcik()[pri:1, instance:SalesForce.SalesforceAuto@587c290d]" name="test_clcik" duration-ms="22276" started-at="2018-02-21T18:51:56Z" finished-at="2018-02-21T18:52:18Z">
          <reporter-output>
          </reporter-output>
        </test-method> <!-- test_clcik -->
        <test-method status="PASS" signature="create_new()[pri:2, instance:SalesForce.SalesforceAuto@587c290d]" name="create_new" duration-ms="23407" started-at="2018-02-21T18:52:18Z" finished-at="2018-02-21T18:52:42Z">
          <reporter-output>
          </reporter-output>
        </test-method> <!-- create_new -->
        <test-method status="PASS" signature="chek_new()[pri:3, instance:SalesForce.SalesforceAuto@587c290d]" name="chek_new" duration-ms="19169" started-at="2018-02-21T18:52:42Z" finished-at="2018-02-21T18:53:01Z">
          <reporter-output>
          </reporter-output>
        </test-method> <!-- chek_new -->
        <test-method status="PASS" signature="send_emal()[pri:4, instance:SalesForce.SalesforceAuto@587c290d]" name="send_emal" duration-ms="21567" started-at="2018-02-21T18:53:01Z" finished-at="2018-02-21T18:53:23Z">
          <reporter-output>
          </reporter-output>
        </test-method> <!-- send_emal -->
      </class> <!-- SalesForce.SalesforceAuto -->
    </test> <!-- ChromeTest -->
    <test name="FirefoxTest" duration-ms="156719" started-at="2018-02-21T13:23:23Z" finished-at="2018-02-21T13:25:59Z">
      <class name="SalesForce.SalesforceAuto">
        <test-method status="PASS" signature="setup(java.lang.String)[pri:0, instance:SalesForce.SalesforceAuto@1d7acb34]" name="setup" is-config="true" duration-ms="5992" started-at="2018-02-21T18:53:23Z" finished-at="2018-02-21T18:53:29Z">
          <params>
            <param index="0">
              <value>
                <![CDATA[firefox]]>
              </value>
            </param>
          </params>
          <reporter-output>
          </reporter-output>
        </test-method> <!-- setup -->
        <test-method status="PASS" signature="login()[pri:0, instance:SalesForce.SalesforceAuto@1d7acb34]" name="login" duration-ms="40241" started-at="2018-02-21T18:53:29Z" finished-at="2018-02-21T18:54:09Z">
          <reporter-output>
          </reporter-output>
        </test-method> <!-- login -->
        <test-method status="PASS" signature="test_clcik()[pri:1, instance:SalesForce.SalesforceAuto@1d7acb34]" name="test_clcik" duration-ms="22283" started-at="2018-02-21T18:54:09Z" finished-at="2018-02-21T18:54:31Z">
          <reporter-output>
          </reporter-output>
        </test-method> <!-- test_clcik -->
        <test-method status="PASS" signature="create_new()[pri:2, instance:SalesForce.SalesforceAuto@1d7acb34]" name="create_new" duration-ms="24849" started-at="2018-02-21T18:54:31Z" finished-at="2018-02-21T18:54:56Z">
          <reporter-output>
          </reporter-output>
        </test-method> <!-- create_new -->
        <test-method status="PASS" signature="chek_new()[pri:3, instance:SalesForce.SalesforceAuto@1d7acb34]" name="chek_new" duration-ms="19338" started-at="2018-02-21T18:54:56Z" finished-at="2018-02-21T18:55:15Z">
          <reporter-output>
          </reporter-output>
        </test-method> <!-- chek_new -->
        <test-method status="PASS" signature="send_emal()[pri:4, instance:SalesForce.SalesforceAuto@1d7acb34]" name="send_emal" duration-ms="44006" started-at="2018-02-21T18:55:15Z" finished-at="2018-02-21T18:55:59Z">
          <reporter-output>
          </reporter-output>
        </test-method> <!-- send_emal -->
      </class> <!-- SalesForce.SalesforceAuto -->
    </test> <!-- FirefoxTest -->
    <test name="EdgeTest" duration-ms="48" started-at="2018-02-21T13:25:59Z" finished-at="2018-02-21T13:25:59Z">
      <class name="SalesForce.SalesforceAuto">
        <test-method status="FAIL" signature="setup(java.lang.String)[pri:0, instance:SalesForce.SalesforceAuto@51b279c9]" name="setup" is-config="true" duration-ms="15" started-at="2018-02-21T18:55:59Z" finished-at="2018-02-21T18:55:59Z">
          <params>
            <param index="0">
              <value>
                <![CDATA[edge]]>
              </value>
            </param>
          </params>
          <exception class="java.lang.IllegalStateException">
            <message>
              <![CDATA[The path to the driver executable must be set by the webdriver.edge.driver system property; for more information, see https://github.com/SeleniumHQ/selenium/wiki/MicrosoftWebDriver. The latest version can be downloaded from http://go.microsoft.com/fwlink/?LinkId=619687]]>
            </message>
            <full-stacktrace>
              <![CDATA[java.lang.IllegalStateException: The path to the driver executable must be set by the webdriver.edge.driver system property; for more information, see https://github.com/SeleniumHQ/selenium/wiki/MicrosoftWebDriver. The latest version can be downloaded from http://go.microsoft.com/fwlink/?LinkId=619687at com.google.common.base.Preconditions.checkState(Preconditions.java:738)at org.openqa.selenium.remote.service.DriverService.findExecutable(DriverService.java:124)at org.openqa.selenium.edge.EdgeDriverService.access$000(EdgeDriverService.java:33)at org.openqa.selenium.edge.EdgeDriverService$Builder.findDefaultExecutable(EdgeDriverService.java:63)at org.openqa.selenium.remote.service.DriverService$Builder.build(DriverService.java:330)at org.openqa.selenium.edge.EdgeDriverService.createDefaultService(EdgeDriverService.java:55)at org.openqa.selenium.edge.EdgeDriver.<init>(EdgeDriver.java:96)at SalesForce.SalesforceAuto.setup(SalesforceAuto.java:59)at sun.reflect.NativeMethodAccessorImpl.invoke0(Native Method)at sun.reflect.NativeMethodAccessorImpl.invoke(Unknown Source)at sun.reflect.DelegatingMethodAccessorImpl.invoke(Unknown Source)at java.lang.reflect.Method.invoke(Unknown Source)at org.testng.internal.MethodInvocationHelper.invokeMethod(MethodInvocationHelper.java:124)at org.testng.internal.MethodInvocationHelper.invokeMethodConsideringTimeout(MethodInvocationHelper.java:59)at org.testng.internal.Invoker.invokeConfigurationMethod(Invoker.java:451)at org.testng.internal.Invoker.invokeConfigurations(Invoker.java:222)at org.testng.internal.Invoker.invokeConfigurations(Invoker.java:142)at org.testng.TestRunner.beforeRun(TestRunner.java:529)at org.testng.TestRunner.run(TestRunner.java:497)at org.testng.SuiteRunner.runTest(SuiteRunner.java:455)at org.testng.SuiteRunner.runSequentially(SuiteRunner.java:450)at org.testng.SuiteRunner.privateRun(SuiteRunner.java:415)at org.testng.SuiteRunner.run(SuiteRunner.java:364)at org.testng.SuiteRunnerWorker.runSuite(SuiteRunnerWorker.java:52)at org.testng.SuiteRunnerWorker.run(SuiteRunnerWorker.java:84)at org.testng.TestNG.runSuitesSequentially(TestNG.java:1187)at org.testng.TestNG.runSuitesLocally(TestNG.java:1116)at org.testng.TestNG.runSuites(TestNG.java:1028)at org.testng.TestNG.run(TestNG.java:996)at org.testng.remote.AbstractRemoteTestNG.run(AbstractRemoteTestNG.java:114)at org.testng.remote.RemoteTestNG.initAndRun(RemoteTestNG.java:251)at org.testng.remote.RemoteTestNG.main(RemoteTestNG.java:77)]]>
            </full-stacktrace>
          </exception> <!-- java.lang.IllegalStateException -->
          <reporter-output>
          </reporter-output>
        </test-method> <!-- setup -->
        <test-method status="SKIP" signature="login()[pri:0, instance:SalesForce.SalesforceAuto@51b279c9]" name="login" duration-ms="0" started-at="2018-02-21T18:55:59Z" finished-at="2018-02-21T18:55:59Z">
          <exception class="java.lang.IllegalStateException">
            <message>
              <![CDATA[The path to the driver executable must be set by the webdriver.edge.driver system property; for more information, see https://github.com/SeleniumHQ/selenium/wiki/MicrosoftWebDriver. The latest version can be downloaded from http://go.microsoft.com/fwlink/?LinkId=619687]]>
            </message>
            <full-stacktrace>
              <![CDATA[java.lang.IllegalStateException: The path to the driver executable must be set by the webdriver.edge.driver system property; for more information, see https://github.com/SeleniumHQ/selenium/wiki/MicrosoftWebDriver. The latest version can be downloaded from http://go.microsoft.com/fwlink/?LinkId=619687at com.google.common.base.Preconditions.checkState(Preconditions.java:738)at org.openqa.selenium.remote.service.DriverService.findExecutable(DriverService.java:124)at org.openqa.selenium.edge.EdgeDriverService.access$000(EdgeDriverService.java:33)at org.openqa.selenium.edge.EdgeDriverService$Builder.findDefaultExecutable(EdgeDriverService.java:63)at org.openqa.selenium.remote.service.DriverService$Builder.build(DriverService.java:330)at org.openqa.selenium.edge.EdgeDriverService.createDefaultService(EdgeDriverService.java:55)at org.openqa.selenium.edge.EdgeDriver.<init>(EdgeDriver.java:96)at SalesForce.SalesforceAuto.setup(SalesforceAuto.java:59)at sun.reflect.NativeMethodAccessorImpl.invoke0(Native Method)at sun.reflect.NativeMethodAccessorImpl.invoke(Unknown Source)at sun.reflect.DelegatingMethodAccessorImpl.invoke(Unknown Source)at java.lang.reflect.Method.invoke(Unknown Source)at org.testng.internal.MethodInvocationHelper.invokeMethod(MethodInvocationHelper.java:124)at org.testng.internal.MethodInvocationHelper.invokeMethodConsideringTimeout(MethodInvocationHelper.java:59)at org.testng.internal.Invoker.invokeConfigurationMethod(Invoker.java:451)at org.testng.internal.Invoker.invokeConfigurations(Invoker.java:222)at org.testng.internal.Invoker.invokeConfigurations(Invoker.java:142)at org.testng.TestRunner.beforeRun(TestRunner.java:529)at org.testng.TestRunner.run(TestRunner.java:497)at org.testng.SuiteRunner.runTest(SuiteRunner.java:455)at org.testng.SuiteRunner.runSequentially(SuiteRunner.java:450)at org.testng.SuiteRunner.privateRun(SuiteRunner.java:415)at org.testng.SuiteRunner.run(SuiteRunner.java:364)at org.testng.SuiteRunnerWorker.runSuite(SuiteRunnerWorker.java:52)at org.testng.SuiteRunnerWorker.run(SuiteRunnerWorker.java:84)at org.testng.TestNG.runSuitesSequentially(TestNG.java:1187)at org.testng.TestNG.runSuitesLocally(TestNG.java:1116)at org.testng.TestNG.runSuites(TestNG.java:1028)at org.testng.TestNG.run(TestNG.java:996)at org.testng.remote.AbstractRemoteTestNG.run(AbstractRemoteTestNG.java:114)at org.testng.remote.RemoteTestNG.initAndRun(RemoteTestNG.java:251)at org.testng.remote.RemoteTestNG.main(RemoteTestNG.java:77)]]>
            </full-stacktrace>
          </exception> <!-- java.lang.IllegalStateException -->
          <reporter-output>
          </reporter-output>
        </test-method> <!-- login -->
        <test-method status="SKIP" signature="test_clcik()[pri:1, instance:SalesForce.SalesforceAuto@51b279c9]" name="test_clcik" duration-ms="0" started-at="2018-02-21T18:55:59Z" finished-at="2018-02-21T18:55:59Z">
          <exception class="java.lang.IllegalStateException">
            <message>
              <![CDATA[The path to the driver executable must be set by the webdriver.edge.driver system property; for more information, see https://github.com/SeleniumHQ/selenium/wiki/MicrosoftWebDriver. The latest version can be downloaded from http://go.microsoft.com/fwlink/?LinkId=619687]]>
            </message>
            <full-stacktrace>
              <![CDATA[java.lang.IllegalStateException: The path to the driver executable must be set by the webdriver.edge.driver system property; for more information, see https://github.com/SeleniumHQ/selenium/wiki/MicrosoftWebDriver. The latest version can be downloaded from http://go.microsoft.com/fwlink/?LinkId=619687at com.google.common.base.Preconditions.checkState(Preconditions.java:738)at org.openqa.selenium.remote.service.DriverService.findExecutable(DriverService.java:124)at org.openqa.selenium.edge.EdgeDriverService.access$000(EdgeDriverService.java:33)at org.openqa.selenium.edge.EdgeDriverService$Builder.findDefaultExecutable(EdgeDriverService.java:63)at org.openqa.selenium.remote.service.DriverService$Builder.build(DriverService.java:330)at org.openqa.selenium.edge.EdgeDriverService.createDefaultService(EdgeDriverService.java:55)at org.openqa.selenium.edge.EdgeDriver.<init>(EdgeDriver.java:96)at SalesForce.SalesforceAuto.setup(SalesforceAuto.java:59)at sun.reflect.NativeMethodAccessorImpl.invoke0(Native Method)at sun.reflect.NativeMethodAccessorImpl.invoke(Unknown Source)at sun.reflect.DelegatingMethodAccessorImpl.invoke(Unknown Source)at java.lang.reflect.Method.invoke(Unknown Source)at org.testng.internal.MethodInvocationHelper.invokeMethod(MethodInvocationHelper.java:124)at org.testng.internal.MethodInvocationHelper.invokeMethodConsideringTimeout(MethodInvocationHelper.java:59)at org.testng.internal.Invoker.invokeConfigurationMethod(Invoker.java:451)at org.testng.internal.Invoker.invokeConfigurations(Invoker.java:222)at org.testng.internal.Invoker.invokeConfigurations(Invoker.java:142)at org.testng.TestRunner.beforeRun(TestRunner.java:529)at org.testng.TestRunner.run(TestRunner.java:497)at org.testng.SuiteRunner.runTest(SuiteRunner.java:455)at org.testng.SuiteRunner.runSequentially(SuiteRunner.java:450)at org.testng.SuiteRunner.privateRun(SuiteRunner.java:415)at org.testng.SuiteRunner.run(SuiteRunner.java:364)at org.testng.SuiteRunnerWorker.runSuite(SuiteRunnerWorker.java:52)at org.testng.SuiteRunnerWorker.run(SuiteRunnerWorker.java:84)at org.testng.TestNG.runSuitesSequentially(TestNG.java:1187)at org.testng.TestNG.runSuitesLocally(TestNG.java:1116)at org.testng.TestNG.runSuites(TestNG.java:1028)at org.testng.TestNG.run(TestNG.java:996)at org.testng.remote.AbstractRemoteTestNG.run(AbstractRemoteTestNG.java:114)at org.testng.remote.RemoteTestNG.initAndRun(RemoteTestNG.java:251)at org.testng.remote.RemoteTestNG.main(RemoteTestNG.java:77)]]>
            </full-stacktrace>
          </exception> <!-- java.lang.IllegalStateException -->
          <reporter-output>
          </reporter-output>
        </test-method> <!-- test_clcik -->
        <test-method status="SKIP" signature="create_new()[pri:2, instance:SalesForce.SalesforceAuto@51b279c9]" name="create_new" duration-ms="0" started-at="2018-02-21T18:55:59Z" finished-at="2018-02-21T18:55:59Z">
          <exception class="java.lang.IllegalStateException">
            <message>
              <![CDATA[The path to the driver executable must be set by the webdriver.edge.driver system property; for more information, see https://github.com/SeleniumHQ/selenium/wiki/MicrosoftWebDriver. The latest version can be downloaded from http://go.microsoft.com/fwlink/?LinkId=619687]]>
            </message>
            <full-stacktrace>
              <![CDATA[java.lang.IllegalStateException: The path to the driver executable must be set by the webdriver.edge.driver system property; for more information, see https://github.com/SeleniumHQ/selenium/wiki/MicrosoftWebDriver. The latest version can be downloaded from http://go.microsoft.com/fwlink/?LinkId=619687at com.google.common.base.Preconditions.checkState(Preconditions.java:738)at org.openqa.selenium.remote.service.DriverService.findExecutable(DriverService.java:124)at org.openqa.selenium.edge.EdgeDriverService.access$000(EdgeDriverService.java:33)at org.openqa.selenium.edge.EdgeDriverService$Builder.findDefaultExecutable(EdgeDriverService.java:63)at org.openqa.selenium.remote.service.DriverService$Builder.build(DriverService.java:330)at org.openqa.selenium.edge.EdgeDriverService.createDefaultService(EdgeDriverService.java:55)at org.openqa.selenium.edge.EdgeDriver.<init>(EdgeDriver.java:96)at SalesForce.SalesforceAuto.setup(SalesforceAuto.java:59)at sun.reflect.NativeMethodAccessorImpl.invoke0(Native Method)at sun.reflect.NativeMethodAccessorImpl.invoke(Unknown Source)at sun.reflect.DelegatingMethodAccessorImpl.invoke(Unknown Source)at java.lang.reflect.Method.invoke(Unknown Source)at org.testng.internal.MethodInvocationHelper.invokeMethod(MethodInvocationHelper.java:124)at org.testng.internal.MethodInvocationHelper.invokeMethodConsideringTimeout(MethodInvocationHelper.java:59)at org.testng.internal.Invoker.invokeConfigurationMethod(Invoker.java:451)at org.testng.internal.Invoker.invokeConfigurations(Invoker.java:222)at org.testng.internal.Invoker.invokeConfigurations(Invoker.java:142)at org.testng.TestRunner.beforeRun(TestRunner.java:529)at org.testng.TestRunner.run(TestRunner.java:497)at org.testng.SuiteRunner.runTest(SuiteRunner.java:455)at org.testng.SuiteRunner.runSequentially(SuiteRunner.java:450)at org.testng.SuiteRunner.privateRun(SuiteRunner.java:415)at org.testng.SuiteRunner.run(SuiteRunner.java:364)at org.testng.SuiteRunnerWorker.runSuite(SuiteRunnerWorker.java:52)at org.testng.SuiteRunnerWorker.run(SuiteRunnerWorker.java:84)at org.testng.TestNG.runSuitesSequentially(TestNG.java:1187)at org.testng.TestNG.runSuitesLocally(TestNG.java:1116)at org.testng.TestNG.runSuites(TestNG.java:1028)at org.testng.TestNG.run(TestNG.java:996)at org.testng.remote.AbstractRemoteTestNG.run(AbstractRemoteTestNG.java:114)at org.testng.remote.RemoteTestNG.initAndRun(RemoteTestNG.java:251)at org.testng.remote.RemoteTestNG.main(RemoteTestNG.java:77)]]>
            </full-stacktrace>
          </exception> <!-- java.lang.IllegalStateException -->
          <reporter-output>
          </reporter-output>
        </test-method> <!-- create_new -->
        <test-method status="SKIP" signature="chek_new()[pri:3, instance:SalesForce.SalesforceAuto@51b279c9]" name="chek_new" duration-ms="0" started-at="2018-02-21T18:55:59Z" finished-at="2018-02-21T18:55:59Z">
          <exception class="java.lang.IllegalStateException">
            <message>
              <![CDATA[The path to the driver executable must be set by the webdriver.edge.driver system property; for more information, see https://github.com/SeleniumHQ/selenium/wiki/MicrosoftWebDriver. The latest version can be downloaded from http://go.microsoft.com/fwlink/?LinkId=619687]]>
            </message>
            <full-stacktrace>
              <![CDATA[java.lang.IllegalStateException: The path to the driver executable must be set by the webdriver.edge.driver system property; for more information, see https://github.com/SeleniumHQ/selenium/wiki/MicrosoftWebDriver. The latest version can be downloaded from http://go.microsoft.com/fwlink/?LinkId=619687at com.google.common.base.Preconditions.checkState(Preconditions.java:738)at org.openqa.selenium.remote.service.DriverService.findExecutable(DriverService.java:124)at org.openqa.selenium.edge.EdgeDriverService.access$000(EdgeDriverService.java:33)at org.openqa.selenium.edge.EdgeDriverService$Builder.findDefaultExecutable(EdgeDriverService.java:63)at org.openqa.selenium.remote.service.DriverService$Builder.build(DriverService.java:330)at org.openqa.selenium.edge.EdgeDriverService.createDefaultService(EdgeDriverService.java:55)at org.openqa.selenium.edge.EdgeDriver.<init>(EdgeDriver.java:96)at SalesForce.SalesforceAuto.setup(SalesforceAuto.java:59)at sun.reflect.NativeMethodAccessorImpl.invoke0(Native Method)at sun.reflect.NativeMethodAccessorImpl.invoke(Unknown Source)at sun.reflect.DelegatingMethodAccessorImpl.invoke(Unknown Source)at java.lang.reflect.Method.invoke(Unknown Source)at org.testng.internal.MethodInvocationHelper.invokeMethod(MethodInvocationHelper.java:124)at org.testng.internal.MethodInvocationHelper.invokeMethodConsideringTimeout(MethodInvocationHelper.java:59)at org.testng.internal.Invoker.invokeConfigurationMethod(Invoker.java:451)at org.testng.internal.Invoker.invokeConfigurations(Invoker.java:222)at org.testng.internal.Invoker.invokeConfigurations(Invoker.java:142)at org.testng.TestRunner.beforeRun(TestRunner.java:529)at org.testng.TestRunner.run(TestRunner.java:497)at org.testng.SuiteRunner.runTest(SuiteRunner.java:455)at org.testng.SuiteRunner.runSequentially(SuiteRunner.java:450)at org.testng.SuiteRunner.privateRun(SuiteRunner.java:415)at org.testng.SuiteRunner.run(SuiteRunner.java:364)at org.testng.SuiteRunnerWorker.runSuite(SuiteRunnerWorker.java:52)at org.testng.SuiteRunnerWorker.run(SuiteRunnerWorker.java:84)at org.testng.TestNG.runSuitesSequentially(TestNG.java:1187)at org.testng.TestNG.runSuitesLocally(TestNG.java:1116)at org.testng.TestNG.runSuites(TestNG.java:1028)at org.testng.TestNG.run(TestNG.java:996)at org.testng.remote.AbstractRemoteTestNG.run(AbstractRemoteTestNG.java:114)at org.testng.remote.RemoteTestNG.initAndRun(RemoteTestNG.java:251)at org.testng.remote.RemoteTestNG.main(RemoteTestNG.java:77)]]>
            </full-stacktrace>
          </exception> <!-- java.lang.IllegalStateException -->
          <reporter-output>
          </reporter-output>
        </test-method> <!-- chek_new -->
        <test-method status="SKIP" signature="send_emal()[pri:4, instance:SalesForce.SalesforceAuto@51b279c9]" name="send_emal" duration-ms="0" started-at="2018-02-21T18:55:59Z" finished-at="2018-02-21T18:55:59Z">
          <exception class="java.lang.IllegalStateException">
            <message>
              <![CDATA[The path to the driver executable must be set by the webdriver.edge.driver system property; for more information, see https://github.com/SeleniumHQ/selenium/wiki/MicrosoftWebDriver. The latest version can be downloaded from http://go.microsoft.com/fwlink/?LinkId=619687]]>
            </message>
            <full-stacktrace>
              <![CDATA[java.lang.IllegalStateException: The path to the driver executable must be set by the webdriver.edge.driver system property; for more information, see https://github.com/SeleniumHQ/selenium/wiki/MicrosoftWebDriver. The latest version can be downloaded from http://go.microsoft.com/fwlink/?LinkId=619687at com.google.common.base.Preconditions.checkState(Preconditions.java:738)at org.openqa.selenium.remote.service.DriverService.findExecutable(DriverService.java:124)at org.openqa.selenium.edge.EdgeDriverService.access$000(EdgeDriverService.java:33)at org.openqa.selenium.edge.EdgeDriverService$Builder.findDefaultExecutable(EdgeDriverService.java:63)at org.openqa.selenium.remote.service.DriverService$Builder.build(DriverService.java:330)at org.openqa.selenium.edge.EdgeDriverService.createDefaultService(EdgeDriverService.java:55)at org.openqa.selenium.edge.EdgeDriver.<init>(EdgeDriver.java:96)at SalesForce.SalesforceAuto.setup(SalesforceAuto.java:59)at sun.reflect.NativeMethodAccessorImpl.invoke0(Native Method)at sun.reflect.NativeMethodAccessorImpl.invoke(Unknown Source)at sun.reflect.DelegatingMethodAccessorImpl.invoke(Unknown Source)at java.lang.reflect.Method.invoke(Unknown Source)at org.testng.internal.MethodInvocationHelper.invokeMethod(MethodInvocationHelper.java:124)at org.testng.internal.MethodInvocationHelper.invokeMethodConsideringTimeout(MethodInvocationHelper.java:59)at org.testng.internal.Invoker.invokeConfigurationMethod(Invoker.java:451)at org.testng.internal.Invoker.invokeConfigurations(Invoker.java:222)at org.testng.internal.Invoker.invokeConfigurations(Invoker.java:142)at org.testng.TestRunner.beforeRun(TestRunner.java:529)at org.testng.TestRunner.run(TestRunner.java:497)at org.testng.SuiteRunner.runTest(SuiteRunner.java:455)at org.testng.SuiteRunner.runSequentially(SuiteRunner.java:450)at org.testng.SuiteRunner.privateRun(SuiteRunner.java:415)at org.testng.SuiteRunner.run(SuiteRunner.java:364)at org.testng.SuiteRunnerWorker.runSuite(SuiteRunnerWorker.java:52)at org.testng.SuiteRunnerWorker.run(SuiteRunnerWorker.java:84)at org.testng.TestNG.runSuitesSequentially(TestNG.java:1187)at org.testng.TestNG.runSuitesLocally(TestNG.java:1116)at org.testng.TestNG.runSuites(TestNG.java:1028)at org.testng.TestNG.run(TestNG.java:996)at org.testng.remote.AbstractRemoteTestNG.run(AbstractRemoteTestNG.java:114)at org.testng.remote.RemoteTestNG.initAndRun(RemoteTestNG.java:251)at org.testng.remote.RemoteTestNG.main(RemoteTestNG.java:77)]]>
            </full-stacktrace>
          </exception> <!-- java.lang.IllegalStateException -->
          <reporter-output>
          </reporter-output>
        </test-method> <!-- send_emal -->
      </class> <!-- SalesForce.SalesforceAuto -->
    </test> <!-- EdgeTest -->
  </suite> <!-- Suite -->
</testng-results>
